[debug] [2022-11-01T05:50:57.142Z] ----------------------------------------------------------------------
[debug] [2022-11-01T05:50:57.145Z] Command:       C:\Program Files\nodejs\node.exe C:\Users\admin\AppData\Roaming\npm\node_modules\firebase-tools\lib\bin\firebase.js init
[debug] [2022-11-01T05:50:57.146Z] CLI Version:   11.15.0
[debug] [2022-11-01T05:50:57.146Z] Platform:      win32
[debug] [2022-11-01T05:50:57.146Z] Node Version:  v16.17.1
[debug] [2022-11-01T05:50:57.148Z] Time:          Tue Nov 01 2022 11:20:57 GMT+0530 (India Standard Time)
[debug] [2022-11-01T05:50:57.148Z] ----------------------------------------------------------------------
[debug] 
[debug] [2022-11-01T05:50:57.155Z] >>> [apiv2][query] GET https://firebase-public.firebaseio.com/cli.json [none]
[debug] [2022-11-01T05:50:57.196Z] > command requires scopes: ["email","openid","https://www.googleapis.com/auth/cloudplatformprojects.readonly","https://www.googleapis.com/auth/firebase","https://www.googleapis.com/auth/cloud-platform"]
[debug] [2022-11-01T05:50:57.196Z] > authorizing via signed-in user (tanujaht4@gmail.com)
[info] 
     ######## #### ########  ######## ########     ###     ######  ########
     ##        ##  ##     ## ##       ##     ##  ##   ##  ##       ##
     ######    ##  ########  ######   ########  #########  ######  ######
     ##        ##  ##    ##  ##       ##     ## ##     ##       ## ##
     ##       #### ##     ## ######## ########  ##     ##  ######  ########

You're about to initialize a Firebase project in this directory:

  C:\Users\admin\Desktop\module7-test

[debug] [2022-11-01T05:50:58.046Z] <<< [apiv2][status] GET https://firebase-public.firebaseio.com/cli.json 200
[debug] [2022-11-01T05:50:58.048Z] <<< [apiv2][body] GET https://firebase-public.firebaseio.com/cli.json {"cloudBuildErrorAfter":1594252800000,"cloudBuildWarnAfter":1590019200000,"defaultNode10After":1594252800000,"minVersion":"3.0.5","node8DeploysDisabledAfter":1613390400000,"node8RuntimeDisabledAfter":1615809600000,"node8WarnAfter":1600128000000}
